<?xml version="1.0" encoding="UTF-8"?>
<testsuite xmlns:xsi="http://www.w3.org/2001/XMLSchema-instance" xsi:noNamespaceSchemaLocation="https://maven.apache.org/surefire/maven-surefire-plugin/xsd/surefire-test-report.xsd" version="3.0.2" name="com.example.gestion.service.SalleServiceTest" time="1.22" tests="11" errors="0" skipped="0" failures="0" flakes="0">
  <properties>
[...]
</properties>
  <testcase name="modifier_salleInexistante_leveException" classname="com.example.gestion.service.SalleServiceTest" time="0.02"/>
  <testcase name="ajouter_salleValide_retourneSalleAvecCode" classname="com.example.gestion.service.SalleServiceTest" time="0.023"/>
  <testcase name="ajouter_designationVide_leveException" classname="com.example.gestion.service.SalleServiceTest" time="0.007"/>
  <testcase name="lister_retourneToutesLesSalles" classname="com.example.gestion.service.SalleServiceTest" time="0.017"/>
  <testcase name="ajouter_doublon_leveException" classname="com.example.gestion.service.SalleServiceTest" time="0.008"/>
  <testcase name="trouverParCode_avecCodeInconnu_retourneNull" classname="com.example.gestion.service.SalleServiceTest" time="0.007"/>
  <testcase name="trouverParCode_avecCodeValide_retourneLaSalle" classname="com.example.gestion.service.SalleServiceTest" time="0.006"/>
  <testcase name="supprimer_avecOccupation_associee_traduitEnIllegalState" classname="com.example.gestion.service.SalleServiceTest" time="0.019"/>
  <testcase name="modifier_salleValide_appelleLeRepository" classname="com.example.gestion.service.SalleServiceTest" time="0.016"/>
  <testcase name="trouverParCode_avecCodeInvalide_leveException" classname="com.example.gestion.service.SalleServiceTest" time="0.007"/>
  <testcase name="ajouter_designationTropCourte_leveException" classname="com.example.gestion.service.SalleServiceTest" time="0.003"/>
</testsuite>